<?xml version="1.0" encoding="UTF-8"?>
<testng-results skipped="0" failed="0" ignored="0" total="1" passed="1">
  <reporter-output>
  </reporter-output>
  <suite name="Default suite" duration-ms="49433" started-at="2020-06-29T00:18:19 PET" finished-at="2020-06-29T00:19:09 PET">
    <groups>
    </groups>
    <test name="Default test" duration-ms="49433" started-at="2020-06-29T00:18:19 PET" finished-at="2020-06-29T00:19:09 PET">
      <class name="test.ShopTest">
        <test-method status="PASS" signature="setUp()[pri:0, instance:test.ShopTest@34123d65]" name="setUp" is-config="true" duration-ms="5046" started-at="2020-06-29T00:18:19 PET" finished-at="2020-06-29T00:18:24 PET">
          <reporter-output>
          </reporter-output>
        </test-method> <!-- setUp -->
        <test-method status="PASS" signature="shopCartTest()[pri:0, instance:test.ShopTest@34123d65]" name="shopCartTest" duration-ms="44261" started-at="2020-06-29T00:18:24 PET" finished-at="2020-06-29T00:19:08 PET">
          <reporter-output>
          </reporter-output>
        </test-method> <!-- shopCartTest -->
        <test-method status="PASS" signature="closeBrowser()[pri:0, instance:test.ShopTest@34123d65]" name="closeBrowser" is-config="true" duration-ms="98" started-at="2020-06-29T00:19:08 PET" finished-at="2020-06-29T00:19:09 PET">
          <reporter-output>
          </reporter-output>
        </test-method> <!-- closeBrowser -->
      </class> <!-- test.ShopTest -->
    </test> <!-- Default test -->
  </suite> <!-- Default suite -->
</testng-results>
