<?xml version="1.0" encoding="UTF-8"?>
<testng-results skipped="0" failed="0" ignored="0" total="1" passed="1">
  <reporter-output>
  </reporter-output>
  <suite name="Default suite" duration-ms="9817" started-at="2020-06-20T19:48:45 PET" finished-at="2020-06-20T19:48:55 PET">
    <groups>
    </groups>
    <test name="Default test" duration-ms="9817" started-at="2020-06-20T19:48:45 PET" finished-at="2020-06-20T19:48:55 PET">
      <class name="test.GuruTest">
        <test-method status="PASS" signature="setUp()[pri:0, instance:test.GuruTest@578486a3]" name="setUp" is-config="true" duration-ms="4665" started-at="2020-06-20T19:48:45 PET" finished-at="2020-06-20T19:48:50 PET">
          <reporter-output>
          </reporter-output>
        </test-method> <!-- setUp -->
        <test-method status="PASS" signature="guruTest()[pri:0, instance:test.GuruTest@578486a3]" name="guruTest" duration-ms="5047" started-at="2020-06-20T19:48:50 PET" finished-at="2020-06-20T19:48:55 PET">
          <reporter-output>
          </reporter-output>
        </test-method> <!-- guruTest -->
        <test-method status="PASS" signature="closeBrowser()[pri:0, instance:test.GuruTest@578486a3]" name="closeBrowser" is-config="true" duration-ms="82" started-at="2020-06-20T19:48:55 PET" finished-at="2020-06-20T19:48:55 PET">
          <reporter-output>
          </reporter-output>
        </test-method> <!-- closeBrowser -->
      </class> <!-- test.GuruTest -->
    </test> <!-- Default test -->
  </suite> <!-- Default suite -->
</testng-results>
