<?xml version="1.0" encoding="UTF-8"?>
<testng-results skipped="0" failed="0" ignored="0" total="1" passed="1">
  <reporter-output>
  </reporter-output>
  <suite name="Default suite" duration-ms="4297" started-at="2020-06-07T19:37:58 PET" finished-at="2020-06-07T19:38:03 PET">
    <groups>
    </groups>
    <test name="Default test" duration-ms="4297" started-at="2020-06-07T19:37:58 PET" finished-at="2020-06-07T19:38:03 PET">
      <class name="test.LoginTest">
        <test-method status="PASS" signature="setUp()[pri:0, instance:test.LoginTest@578486a3]" name="setUp" is-config="true" duration-ms="3351" started-at="2020-06-07T19:37:58 PET" finished-at="2020-06-07T19:38:02 PET">
          <reporter-output>
          </reporter-output>
        </test-method> <!-- setUp -->
        <test-method status="PASS" signature="loginTest()[pri:0, instance:test.LoginTest@578486a3]" name="loginTest" duration-ms="809" started-at="2020-06-07T19:38:02 PET" finished-at="2020-06-07T19:38:03 PET">
          <reporter-output>
          </reporter-output>
        </test-method> <!-- loginTest -->
        <test-method status="PASS" signature="closeBrowser()[pri:0, instance:test.LoginTest@578486a3]" name="closeBrowser" is-config="true" duration-ms="115" started-at="2020-06-07T19:38:03 PET" finished-at="2020-06-07T19:38:03 PET">
          <reporter-output>
          </reporter-output>
        </test-method> <!-- closeBrowser -->
      </class> <!-- test.LoginTest -->
    </test> <!-- Default test -->
  </suite> <!-- Default suite -->
</testng-results>
